<?xml version="1.0" encoding="UTF-8"?>
<!-- Generated by org.testng.reporters.JUnitXMLReporter -->
<testsuite hostname="G-MacBook-Pro.local" ignored="1" tests="2" failures="0" timestamp="2020-03-18T04:42:19 GMT" time="0.18" errors="0">
  <testcase name="shutDown" time="0.177" classname="GammaTestSelenium"/>
  <testcase name="endOfTests" time="0.001" classname="GammaTestSelenium"/>
  <testcase name="setUp" time="0.0" classname="GammaTestSelenium">
    <ignored/>
  </testcase> <!-- setUp -->
</testsuite>
