<?xml version="1.0" encoding="UTF-8"?>
<!-- Generated by org.testng.reporters.JUnitXMLReporter -->
<testsuite hostname="G-MacBook-Pro.local" ignored="11" tests="3" failures="0" timestamp="2020-03-18T04:38:58 GMT" time="5.12" errors="0">
  <testcase name="setUp" time="3.502" classname="GammaTestSelenium"/>
  <testcase name="testG037" time="1.418" classname="Cart"/>
  <testcase name="shutDown" time="0.173" classname="GammaTestSelenium"/>
  <testcase name="testG038" time="0.0" classname="Cart">
    <ignored/>
  </testcase> <!-- testG038 -->
  <testcase name="testG039" time="0.0" classname="Cart">
    <ignored/>
  </testcase> <!-- testG039 -->
  <testcase name="endOfTests" time="0.0" classname="GammaTestSelenium">
    <ignored/>
  </testcase> <!-- endOfTests -->
  <testcase name="testG041" time="0.0" classname="Cart">
    <ignored/>
  </testcase> <!-- testG041 -->
  <testcase name="testG040" time="0.0" classname="Cart">
    <ignored/>
  </testcase> <!-- testG040 -->
  <testcase name="testG032" time="0.0" classname="Cart">
    <ignored/>
  </testcase> <!-- testG032 -->
  <testcase name="testG031" time="0.0" classname="Cart">
    <ignored/>
  </testcase> <!-- testG031 -->
  <testcase name="testG034" time="0.0" classname="Cart">
    <ignored/>
  </testcase> <!-- testG034 -->
  <testcase name="testG033" time="0.0" classname="Cart">
    <ignored/>
  </testcase> <!-- testG033 -->
  <testcase name="testG036" time="0.0" classname="Cart">
    <ignored/>
  </testcase> <!-- testG036 -->
  <testcase name="testG035" time="0.0" classname="Cart">
    <ignored/>
  </testcase> <!-- testG035 -->
</testsuite>
