<?xml version="1.0" encoding="UTF-8"?>
<!-- Generated by org.testng.reporters.JUnitXMLReporter -->
<testsuite hostname="G-MacBook-Pro.local" ignored="18" tests="3" failures="0" timestamp="2020-03-18T04:40:59 GMT" time="7.178" errors="0">
  <testcase name="setUp" time="4.177" classname="GammaTestSelenium"/>
  <testcase name="testG052" time="2.845" classname="Checkout"/>
  <testcase name="shutDown" time="0.147" classname="GammaTestSelenium"/>
  <testcase name="testG042" time="0.0" classname="Checkout">
    <ignored/>
  </testcase> <!-- testG042 -->
  <testcase name="testG053" time="0.0" classname="Checkout">
    <ignored/>
  </testcase> <!-- testG053 -->
  <testcase name="testG049" time="0.0" classname="Checkout">
    <ignored/>
  </testcase> <!-- testG049 -->
  <testcase name="testG045" time="0.0" classname="Checkout">
    <ignored/>
  </testcase> <!-- testG045 -->
  <testcase name="testG056" time="0.0" classname="Checkout">
    <ignored/>
  </testcase> <!-- testG056 -->
  <testcase name="testG048" time="0.0" classname="Checkout">
    <ignored/>
  </testcase> <!-- testG048 -->
  <testcase name="testG059" time="0.0" classname="Checkout">
    <ignored/>
  </testcase> <!-- testG059 -->
  <testcase name="testG047" time="0.0" classname="Checkout">
    <ignored/>
  </testcase> <!-- testG047 -->
  <testcase name="testG058" time="0.0" classname="Checkout">
    <ignored/>
  </testcase> <!-- testG058 -->
  <testcase name="testG044" time="0.0" classname="Checkout">
    <ignored/>
  </testcase> <!-- testG044 -->
  <testcase name="testG055" time="0.0" classname="Checkout">
    <ignored/>
  </testcase> <!-- testG055 -->
  <testcase name="endOfTests" time="0.0" classname="GammaTestSelenium">
    <ignored/>
  </testcase> <!-- endOfTests -->
  <testcase name="testG043" time="0.0" classname="Checkout">
    <ignored/>
  </testcase> <!-- testG043 -->
  <testcase name="testG054" time="0.0" classname="Checkout">
    <ignored/>
  </testcase> <!-- testG054 -->
  <testcase name="testG046" time="0.0" classname="Checkout">
    <ignored/>
  </testcase> <!-- testG046 -->
  <testcase name="testG057" time="0.0" classname="Checkout">
    <ignored/>
  </testcase> <!-- testG057 -->
  <testcase name="testG051" time="0.0" classname="Checkout">
    <ignored/>
  </testcase> <!-- testG051 -->
  <testcase name="testG050" time="0.0" classname="Checkout">
    <ignored/>
  </testcase> <!-- testG050 -->
</testsuite>
